#
# A fatal error has been detected by the Java Runtime Environment:
#
#  SIGBUS (0xa) at pc=0x00007fff74bb8d09, pid=12336, tid=0x0000000000001903
#
# JRE version: Java(TM) SE Runtime Environment (8.0_151-b12) (build 1.8.0_151-b12)
# Java VM: Java HotSpot(TM) 64-Bit Server VM (25.151-b12 mixed mode bsd-amd64 compressed oops)
# Problematic frame:
# C  [libsystem_platform.dylib+0x1d09]  _platform_memmove$VARIANT$Haswell+0x29
#
# Failed to write core dump. Core dumps have been disabled. To enable core dumping, try "ulimit -c unlimited" before starting Java again
#
# If you would like to submit a bug report, please visit:
#   http://bugreport.java.com/bugreport/crash.jsp
# The crash happened outside the Java Virtual Machine in native code.
# See problematic frame for where to report the bug.
#

---------------  T H R E A D  ---------------

Current thread (0x00007f9d46806000):  JavaThread "main" [_thread_in_native, id=6403, stack(0x00007000029f1000,0x0000700002af1000)]

siginfo: si_signo: 10 (SIGBUS), si_code: 2 (BUS_ADRERR), si_addr: 0x0000000125ae8000

Registers:
RAX=0x00007f9d4b9efc00, RBX=0x0000000125ae2a5c, RCX=0x00000000000013b9, RDX=0x000000000000692f
RSP=0x0000700002aed530, RBP=0x0000700002aed530, RSI=0x0000000125ae8000, RDI=0x00007f9d4b9f5176
R8 =0x0000000000000000, R9 =0x0000000000000f01, R10=0x00007f9d4b800000, R11=0x00007f9c25f0d176
R12=0x0000000000000000, R13=0x0000000033245249, R14=0x000000006d6f6300, R15=0x0000000000006d62
RIP=0x00007fff74bb8d09, EFLAGS=0x0000000000010202, ERR=0x0000000000000004
  TRAPNO=0x000000000000000e

Top of Stack: (sp=0x0000700002aed530)
0x0000700002aed530:   0000700002aed5a0 0000000106f81006
0x0000700002aed540:   0000006202aed920 000000000000006d
0x0000700002aed550:   000000000000772f 00007f9d4b9efc00
0x0000700002aed560:   000000000000692f 00007f9d462069c0
0x0000700002aed570:   00007f9d44e27b50 00007f9d462069c0
0x0000700002aed580:   00007f9d4906d800 0000000000003090
0x0000700002aed590:   00000000d17c27f1 00007f9d44c89b80
0x0000700002aed5a0:   0000700002aed600 0000000106f8152d
0x0000700002aed5b0:   0000700002aed649 0000700002aed648
0x0000700002aed5c0:   0000002900000000 0000002a01806000
0x0000700002aed5d0:   0000700002aed61e 0000700002aeda68
0x0000700002aed5e0:   000000000000002a 0000700002aed61e
0x0000700002aed5f0:   00007f9d462069c0 00007f9d468061f8
0x0000700002aed600:   0000700002aeda50 0000000106f80238
0x0000700002aed610:   00007f9d46806000 6f63000100000001
0x0000700002aed620:   61772f6d62692f6d 7373616c632f616c
0x0000700002aed630:   532f726564616f4c 616c43656b697268
0x0000700002aed640:   7373616c632e7373 0000000121b00000
0x0000700002aed650:   0000700002aed6a0 0000000121b023d8
0x0000700002aed660:   00000001095edc20 0000700002aed770
0x0000700002aed670:   0000000121b023d8 0000700002aed920
0x0000700002aed680:   00007f9d46806000 0000700002aed770
0x0000700002aed690:   0000000121b023d8 0000700002aed920
0x0000700002aed6a0:   0000700002aed810 0000000108925bf4
0x0000700002aed6b0:   00007f9d44f09c00 00007f9d46009ad0
0x0000700002aed6c0:   00007f9d468061f8 0000700002aed920
0x0000700002aed6d0:   01000001274afbb8 000000078f984fd8
0x0000700002aed6e0:   00000006c1944600 0000700002aed810
0x0000700002aed6f0:   0000700002aeea70 0000000000000032
0x0000700002aed700:   0000000000000001 0000000000000000
0x0000700002aed710:   0000700002aed760 00007fff7401015f
0x0000700002aed720:   0000700002aed870 0000700002aed6d8 

Instructions: (pc=0x00007fff74bb8d09)
0x00007fff74bb8ce9:   f3 48 89 f8 49 39 d3 72 1b 48 83 fa 60 76 2f 48
0x00007fff74bb8cf9:   81 fa 00 40 00 00 0f 82 cb 00 00 00 48 89 d1 fc
0x00007fff74bb8d09:   f3 a4 5d c3 48 39 fe 74 f9 48 01 d6 48 01 d7 48
0x00007fff74bb8d19:   83 fa 60 0f 82 8c 01 00 00 e9 a9 01 00 00 48 83 

Register to memory mapping:

RAX=0x00007f9d4b9efc00 is an unknown value
RBX=0x0000000125ae2a5c is an unknown value
RCX=0x00000000000013b9 is an unknown value
RDX=0x000000000000692f is an unknown value
RSP=0x0000700002aed530 is pointing into the stack for thread: 0x00007f9d46806000
RBP=0x0000700002aed530 is pointing into the stack for thread: 0x00007f9d46806000
RSI=0x0000000125ae8000 is an unknown value
RDI=0x00007f9d4b9f5176 is an unknown value
R8 =0x0000000000000000 is an unknown value
R9 =0x0000000000000f01 is an unknown value
R10=0x00007f9d4b800000 is an unknown value
R11=0x00007f9c25f0d176 is an unknown value
R12=0x0000000000000000 is an unknown value
R13=0x0000000033245249 is an unknown value
R14=0x000000006d6f6300 is an unknown value
R15=0x0000000000006d62 is an unknown value


Stack: [0x00007000029f1000,0x0000700002af1000],  sp=0x0000700002aed530,  free space=1009k
Native frames: (J=compiled Java code, j=interpreted, Vv=VM code, C=native code)
C  [libsystem_platform.dylib+0x1d09]  _platform_memmove$VARIANT$Haswell+0x29
C  [libzip.dylib+0x3006]  newEntry+0x2c8
C  [libzip.dylib+0x352d]  ZIP_GetEntry2+0xd4
C  [libzip.dylib+0x2238]  Java_java_util_zip_ZipFile_getEntry+0xcf
J 123  java.util.zip.ZipFile.getEntry(J[BZ)J (0 bytes) @ 0x00000001096f6f8e [0x00000001096f6ec0+0xce]
J 1697 C2 java.util.zip.ZipFile.getEntry(Ljava/lang/String;)Ljava/util/zip/ZipEntry; (101 bytes) @ 0x0000000109b9dd30 [0x0000000109b9d9c0+0x370]
J 2224 C2 sun.misc.URLClassPath$JarLoader.getResource(Ljava/lang/String;Z)Lsun/misc/Resource; (85 bytes) @ 0x0000000109d6f410 [0x0000000109d6f280+0x190]
J 7223 C2 java.net.URLClassLoader$1.run()Ljava/lang/Object; (5 bytes) @ 0x000000010a675924 [0x000000010a6753a0+0x584]
v  ~StubRoutines::call_stub
V  [libjvm.dylib+0x2ee9aa]  JavaCalls::call_helper(JavaValue*, methodHandle*, JavaCallArguments*, Thread*)+0x6ae
V  [libjvm.dylib+0x34f108]  JVM_DoPrivileged+0x4b8
J 223  java.security.AccessController.doPrivileged(Ljava/security/PrivilegedExceptionAction;Ljava/security/AccessControlContext;)Ljava/lang/Object; (0 bytes) @ 0x000000010973ee95 [0x000000010973edc0+0xd5]
J 1301 C1 java.net.URLClassLoader.findClass(Ljava/lang/String;)Ljava/lang/Class; (47 bytes) @ 0x0000000109a599d4 [0x0000000109a59840+0x194]
J 7738 C1 java.lang.ClassLoader.loadClass(Ljava/lang/String;Z)Ljava/lang/Class; (122 bytes) @ 0x000000010a647ad4 [0x000000010a647180+0x954]
J 1691 C1 sun.misc.Launcher$AppClassLoader.loadClass(Ljava/lang/String;Z)Ljava/lang/Class; (85 bytes) @ 0x0000000109b90b94 [0x0000000109b90200+0x994]
J 1690 C1 java.lang.ClassLoader.loadClass(Ljava/lang/String;)Ljava/lang/Class; (7 bytes) @ 0x0000000109b8fe44 [0x0000000109b8fd40+0x104]
v  ~StubRoutines::call_stub
V  [libjvm.dylib+0x2ee9aa]  JavaCalls::call_helper(JavaValue*, methodHandle*, JavaCallArguments*, Thread*)+0x6ae
V  [libjvm.dylib+0x2ef14e]  JavaCalls::call_virtual(JavaValue*, KlassHandle, Symbol*, Symbol*, JavaCallArguments*, Thread*)+0x164
V  [libjvm.dylib+0x2ef2a6]  JavaCalls::call_virtual(JavaValue*, Handle, KlassHandle, Symbol*, Symbol*, Handle, Thread*)+0x56
V  [libjvm.dylib+0x53d2f6]  SystemDictionary::load_instance_class(Symbol*, Handle, Thread*)+0x2d8
V  [libjvm.dylib+0x53cabe]  SystemDictionary::resolve_instance_class_or_null(Symbol*, Handle, Handle, Thread*)+0x484
V  [libjvm.dylib+0x53d512]  SystemDictionary::resolve_or_null(Symbol*, Handle, Handle, Thread*)+0x106
V  [libjvm.dylib+0x53dbc5]  SystemDictionary::resolve_or_fail(Symbol*, Handle, Handle, bool, Thread*)+0x31
V  [libjvm.dylib+0x1e35a6]  ConstantPool::klass_at_impl(constantPoolHandle, int, Thread*)+0x2ee
V  [libjvm.dylib+0x1f39f6]  ConstantPool::klass_at(int, Thread*)+0x92
V  [libjvm.dylib+0x2ea1ee]  InterpreterRuntime::quicken_io_cc(JavaThread*)+0x5c
j  com.ibm.wala.util.ref.ReferenceCleanser.clearSoftCaches()V+72
J 5249 C1 com.ibm.wala.ipa.callgraph.propagation.SSAPropagationCallGraphBuilder.unconditionallyAddConstraintsFromNode(Lcom/ibm/wala/ipa/callgraph/CGNode;Lcom/ibm/wala/util/MonitorUtil$IProgressMonitor;)Z (80 bytes) @ 0x000000010971e62c [0x000000010971e520+0x10c]
J 5247 C1 com.ibm.wala.ipa.callgraph.propagation.SSAPropagationCallGraphBuilder.addConstraintsFromNode(Lcom/ibm/wala/ipa/callgraph/CGNode;Lcom/ibm/wala/util/MonitorUtil$IProgressMonitor;)Z (27 bytes) @ 0x0000000109772bfc [0x0000000109772780+0x47c]
J 7273 C1 com.ibm.wala.ipa.callgraph.propagation.PropagationCallGraphBuilder.addConstraintsFromNewNodes(Lcom/ibm/wala/util/MonitorUtil$IProgressMonitor;)Z (69 bytes) @ 0x000000010a7a9bfc [0x000000010a7a9520+0x6dc]
j  com.ibm.wala.ipa.callgraph.propagation.StandardSolver.solve(Lcom/ibm/wala/util/MonitorUtil$IProgressMonitor;)V+67
j  com.ibm.wala.ipa.callgraph.propagation.PropagationCallGraphBuilder.makeCallGraph(Lcom/ibm/wala/ipa/callgraph/AnalysisOptions;Lcom/ibm/wala/util/MonitorUtil$IProgressMonitor;)Lcom/ibm/wala/ipa/callgraph/CallGraph;+223
j  com.ibm.wala.cast.python.turtleServer.TurtleWrapper.analyzeRequest(Ljava/io/File;Ljava/util/function/Supplier;)Lorg/json/JSONArray;+48
j  com.ibm.wala.cast.python.test.TestTurtleWrapper.test()V+9
j  sun.reflect.GeneratedMethodAccessor3.invoke(Ljava/lang/Object;[Ljava/lang/Object;)Ljava/lang/Object;+36
J 6104 C1 sun.reflect.DelegatingMethodAccessorImpl.invoke(Ljava/lang/Object;[Ljava/lang/Object;)Ljava/lang/Object; (10 bytes) @ 0x000000010a782d8c [0x000000010a782c80+0x10c]
J 6103 C1 java.lang.reflect.Method.invoke(Ljava/lang/Object;[Ljava/lang/Object;)Ljava/lang/Object; (62 bytes) @ 0x000000010a78355c [0x000000010a783160+0x3fc]
j  org.junit.runners.model.FrameworkMethod$1.runReflectiveCall()Ljava/lang/Object;+15
j  org.junit.internal.runners.model.ReflectiveCallable.run()Ljava/lang/Object;+1
j  org.junit.runners.model.FrameworkMethod.invokeExplosively(Ljava/lang/Object;[Ljava/lang/Object;)Ljava/lang/Object;+10
j  org.junit.internal.runners.statements.InvokeMethod.evaluate()V+12
j  org.junit.runners.ParentRunner.runLeaf(Lorg/junit/runners/model/Statement;Lorg/junit/runner/Description;Lorg/junit/runner/notification/RunNotifier;)V+17
j  org.junit.runners.BlockJUnit4ClassRunner.runChild(Lorg/junit/runners/model/FrameworkMethod;Lorg/junit/runner/notification/RunNotifier;)V+32
j  org.junit.runners.BlockJUnit4ClassRunner.runChild(Ljava/lang/Object;Lorg/junit/runner/notification/RunNotifier;)V+6
j  org.junit.runners.ParentRunner$3.run()V+12
j  org.junit.runners.ParentRunner$1.schedule(Ljava/lang/Runnable;)V+1
j  org.junit.runners.ParentRunner.runChildren(Lorg/junit/runner/notification/RunNotifier;)V+40
j  org.junit.runners.ParentRunner.access$000(Lorg/junit/runners/ParentRunner;Lorg/junit/runner/notification/RunNotifier;)V+2
j  org.junit.runners.ParentRunner$2.evaluate()V+8
j  org.junit.runners.ParentRunner.run(Lorg/junit/runner/notification/RunNotifier;)V+20
j  org.junit.runners.Suite.runChild(Lorg/junit/runner/Runner;Lorg/junit/runner/notification/RunNotifier;)V+2
j  org.junit.runners.Suite.runChild(Ljava/lang/Object;Lorg/junit/runner/notification/RunNotifier;)V+6
j  org.junit.runners.ParentRunner$3.run()V+12
j  org.junit.runners.ParentRunner$1.schedule(Ljava/lang/Runnable;)V+1
j  org.junit.runners.ParentRunner.runChildren(Lorg/junit/runner/notification/RunNotifier;)V+40
j  org.junit.runners.ParentRunner.access$000(Lorg/junit/runners/ParentRunner;Lorg/junit/runner/notification/RunNotifier;)V+2
j  org.junit.runners.ParentRunner$2.evaluate()V+8
j  org.junit.runners.ParentRunner.run(Lorg/junit/runner/notification/RunNotifier;)V+20
j  org.eclipse.jdt.internal.junit4.runner.JUnit4TestReference.run(Lorg/eclipse/jdt/internal/junit/runner/TestExecution;)V+72
j  org.eclipse.jdt.internal.junit.runner.TestExecution.run([Lorg/eclipse/jdt/internal/junit/runner/ITestReference;)V+17
j  org.eclipse.jdt.internal.junit.runner.RemoteTestRunner.runTests([Ljava/lang/String;Ljava/lang/String;Lorg/eclipse/jdt/internal/junit/runner/TestExecution;)V+62
j  org.eclipse.jdt.internal.junit.runner.RemoteTestRunner.runTests(Lorg/eclipse/jdt/internal/junit/runner/TestExecution;)V+10
j  org.eclipse.jdt.internal.junit.runner.RemoteTestRunner.run()V+70
j  org.eclipse.jdt.internal.junit.runner.RemoteTestRunner.main([Ljava/lang/String;)V+14
v  ~StubRoutines::call_stub
V  [libjvm.dylib+0x2ee9aa]  JavaCalls::call_helper(JavaValue*, methodHandle*, JavaCallArguments*, Thread*)+0x6ae
V  [libjvm.dylib+0x3257c2]  jni_invoke_static(JNIEnv_*, JavaValue*, _jobject*, JNICallType, _jmethodID*, JNI_ArgumentPusher*, Thread*)+0x1bf
V  [libjvm.dylib+0x31e539]  jni_CallStaticVoidMethod+0x15d
C  [java+0x3931]  JavaMain+0x9c4
C  [libsystem_pthread.dylib+0x3305]  _pthread_body+0x7e
C  [libsystem_pthread.dylib+0x626f]  _pthread_start+0x46
C  [libsystem_pthread.dylib+0x2415]  thread_start+0xd
C  0x0000000000000000

Java frames: (J=compiled Java code, j=interpreted, Vv=VM code)
J 123  java.util.zip.ZipFile.getEntry(J[BZ)J (0 bytes) @ 0x00000001096f6f18 [0x00000001096f6ec0+0x58]
J 1697 C2 java.util.zip.ZipFile.getEntry(Ljava/lang/String;)Ljava/util/zip/ZipEntry; (101 bytes) @ 0x0000000109b9dd30 [0x0000000109b9d9c0+0x370]
J 2224 C2 sun.misc.URLClassPath$JarLoader.getResource(Ljava/lang/String;Z)Lsun/misc/Resource; (85 bytes) @ 0x0000000109d6f410 [0x0000000109d6f280+0x190]
J 7223 C2 java.net.URLClassLoader$1.run()Ljava/lang/Object; (5 bytes) @ 0x000000010a675924 [0x000000010a6753a0+0x584]
v  ~StubRoutines::call_stub
J 223  java.security.AccessController.doPrivileged(Ljava/security/PrivilegedExceptionAction;Ljava/security/AccessControlContext;)Ljava/lang/Object; (0 bytes) @ 0x000000010973ee23 [0x000000010973edc0+0x63]
J 1301 C1 java.net.URLClassLoader.findClass(Ljava/lang/String;)Ljava/lang/Class; (47 bytes) @ 0x0000000109a599d4 [0x0000000109a59840+0x194]
J 7738 C1 java.lang.ClassLoader.loadClass(Ljava/lang/String;Z)Ljava/lang/Class; (122 bytes) @ 0x000000010a647ad4 [0x000000010a647180+0x954]
J 1691 C1 sun.misc.Launcher$AppClassLoader.loadClass(Ljava/lang/String;Z)Ljava/lang/Class; (85 bytes) @ 0x0000000109b90b94 [0x0000000109b90200+0x994]
J 1690 C1 java.lang.ClassLoader.loadClass(Ljava/lang/String;)Ljava/lang/Class; (7 bytes) @ 0x0000000109b8fe44 [0x0000000109b8fd40+0x104]
v  ~StubRoutines::call_stub
j  com.ibm.wala.util.ref.ReferenceCleanser.clearSoftCaches()V+72
J 5249 C1 com.ibm.wala.ipa.callgraph.propagation.SSAPropagationCallGraphBuilder.unconditionallyAddConstraintsFromNode(Lcom/ibm/wala/ipa/callgraph/CGNode;Lcom/ibm/wala/util/MonitorUtil$IProgressMonitor;)Z (80 bytes) @ 0x000000010971e62c [0x000000010971e520+0x10c]
J 5247 C1 com.ibm.wala.ipa.callgraph.propagation.SSAPropagationCallGraphBuilder.addConstraintsFromNode(Lcom/ibm/wala/ipa/callgraph/CGNode;Lcom/ibm/wala/util/MonitorUtil$IProgressMonitor;)Z (27 bytes) @ 0x0000000109772bfc [0x0000000109772780+0x47c]
J 7273 C1 com.ibm.wala.ipa.callgraph.propagation.PropagationCallGraphBuilder.addConstraintsFromNewNodes(Lcom/ibm/wala/util/MonitorUtil$IProgressMonitor;)Z (69 bytes) @ 0x000000010a7a9bfc [0x000000010a7a9520+0x6dc]
j  com.ibm.wala.ipa.callgraph.propagation.StandardSolver.solve(Lcom/ibm/wala/util/MonitorUtil$IProgressMonitor;)V+67
j  com.ibm.wala.ipa.callgraph.propagation.PropagationCallGraphBuilder.makeCallGraph(Lcom/ibm/wala/ipa/callgraph/AnalysisOptions;Lcom/ibm/wala/util/MonitorUtil$IProgressMonitor;)Lcom/ibm/wala/ipa/callgraph/CallGraph;+223
j  com.ibm.wala.cast.python.turtleServer.TurtleWrapper.analyzeRequest(Ljava/io/File;Ljava/util/function/Supplier;)Lorg/json/JSONArray;+48
j  com.ibm.wala.cast.python.test.TestTurtleWrapper.test()V+9
j  sun.reflect.GeneratedMethodAccessor3.invoke(Ljava/lang/Object;[Ljava/lang/Object;)Ljava/lang/Object;+36
J 6104 C1 sun.reflect.DelegatingMethodAccessorImpl.invoke(Ljava/lang/Object;[Ljava/lang/Object;)Ljava/lang/Object; (10 bytes) @ 0x000000010a782d8c [0x000000010a782c80+0x10c]
J 6103 C1 java.lang.reflect.Method.invoke(Ljava/lang/Object;[Ljava/lang/Object;)Ljava/lang/Object; (62 bytes) @ 0x000000010a78355c [0x000000010a783160+0x3fc]
j  org.junit.runners.model.FrameworkMethod$1.runReflectiveCall()Ljava/lang/Object;+15
j  org.junit.internal.runners.model.ReflectiveCallable.run()Ljava/lang/Object;+1
j  org.junit.runners.model.FrameworkMethod.invokeExplosively(Ljava/lang/Object;[Ljava/lang/Object;)Ljava/lang/Object;+10
j  org.junit.internal.runners.statements.InvokeMethod.evaluate()V+12
j  org.junit.runners.ParentRunner.runLeaf(Lorg/junit/runners/model/Statement;Lorg/junit/runner/Description;Lorg/junit/runner/notification/RunNotifier;)V+17
j  org.junit.runners.BlockJUnit4ClassRunner.runChild(Lorg/junit/runners/model/FrameworkMethod;Lorg/junit/runner/notification/RunNotifier;)V+32
j  org.junit.runners.BlockJUnit4ClassRunner.runChild(Ljava/lang/Object;Lorg/junit/runner/notification/RunNotifier;)V+6
j  org.junit.runners.ParentRunner$3.run()V+12
j  org.junit.runners.ParentRunner$1.schedule(Ljava/lang/Runnable;)V+1
j  org.junit.runners.ParentRunner.runChildren(Lorg/junit/runner/notification/RunNotifier;)V+40
j  org.junit.runners.ParentRunner.access$000(Lorg/junit/runners/ParentRunner;Lorg/junit/runner/notification/RunNotifier;)V+2
j  org.junit.runners.ParentRunner$2.evaluate()V+8
j  org.junit.runners.ParentRunner.run(Lorg/junit/runner/notification/RunNotifier;)V+20
j  org.junit.runners.Suite.runChild(Lorg/junit/runner/Runner;Lorg/junit/runner/notification/RunNotifier;)V+2
j  org.junit.runners.Suite.runChild(Ljava/lang/Object;Lorg/junit/runner/notification/RunNotifier;)V+6
j  org.junit.runners.ParentRunner$3.run()V+12
j  org.junit.runners.ParentRunner$1.schedule(Ljava/lang/Runnable;)V+1
j  org.junit.runners.ParentRunner.runChildren(Lorg/junit/runner/notification/RunNotifier;)V+40
j  org.junit.runners.ParentRunner.access$000(Lorg/junit/runners/ParentRunner;Lorg/junit/runner/notification/RunNotifier;)V+2
j  org.junit.runners.ParentRunner$2.evaluate()V+8
j  org.junit.runners.ParentRunner.run(Lorg/junit/runner/notification/RunNotifier;)V+20
j  org.eclipse.jdt.internal.junit4.runner.JUnit4TestReference.run(Lorg/eclipse/jdt/internal/junit/runner/TestExecution;)V+72
j  org.eclipse.jdt.internal.junit.runner.TestExecution.run([Lorg/eclipse/jdt/internal/junit/runner/ITestReference;)V+17
j  org.eclipse.jdt.internal.junit.runner.RemoteTestRunner.runTests([Ljava/lang/String;Ljava/lang/String;Lorg/eclipse/jdt/internal/junit/runner/TestExecution;)V+62
j  org.eclipse.jdt.internal.junit.runner.RemoteTestRunner.runTests(Lorg/eclipse/jdt/internal/junit/runner/TestExecution;)V+10
j  org.eclipse.jdt.internal.junit.runner.RemoteTestRunner.run()V+70
j  org.eclipse.jdt.internal.junit.runner.RemoteTestRunner.main([Ljava/lang/String;)V+14
v  ~StubRoutines::call_stub

---------------  P R O C E S S  ---------------

Java Threads: ( => current thread )
  0x00007f9d478ee000 JavaThread "ReaderThread" [_thread_in_native, id=21763, stack(0x0000700003d2a000,0x0000700003e2a000)]
  0x00007f9d4701c000 JavaThread "Service Thread" daemon [_thread_blocked, id=14339, stack(0x0000700003b24000,0x0000700003c24000)]
  0x00007f9d4681a000 JavaThread "C1 CompilerThread3" daemon [_thread_blocked, id=15619, stack(0x0000700003a21000,0x0000700003b21000)]
  0x00007f9d49001000 JavaThread "C2 CompilerThread2" daemon [_thread_blocked, id=16131, stack(0x000070000391e000,0x0000700003a1e000)]
  0x00007f9d46819800 JavaThread "C2 CompilerThread1" daemon [_thread_blocked, id=16643, stack(0x000070000381b000,0x000070000391b000)]
  0x00007f9d46826800 JavaThread "C2 CompilerThread0" daemon [_thread_blocked, id=13827, stack(0x0000700003718000,0x0000700003818000)]
  0x00007f9d47002800 JavaThread "Signal Dispatcher" daemon [_thread_blocked, id=16899, stack(0x0000700003615000,0x0000700003715000)]
  0x00007f9d49000000 JavaThread "Finalizer" daemon [_thread_blocked, id=18435, stack(0x0000700003512000,0x0000700003612000)]
  0x00007f9d45000000 JavaThread "Reference Handler" daemon [_thread_blocked, id=11779, stack(0x000070000340f000,0x000070000350f000)]
=>0x00007f9d46806000 JavaThread "main" [_thread_in_native, id=6403, stack(0x00007000029f1000,0x0000700002af1000)]

Other Threads:
  0x00007f9d4680e800 VMThread [stack: 0x000070000330c000,0x000070000340c000] [id=18691]
  0x00007f9d48842000 WatcherThread [stack: 0x0000700003c27000,0x0000700003d27000] [id=14851]

VM state:not at safepoint (normal execution)

VM Mutex/Monitor currently owned by a thread: None

Heap:
 PSYoungGen      total 781824K, used 656111K [0x000000076ab00000, 0x000000079e300000, 0x00000007c0000000)
  eden space 741376K, 83% used [0x000000076ab00000,0x000000079043eef0,0x0000000797f00000)
  from space 40448K, 99% used [0x000000079b800000,0x000000079df7ce28,0x000000079df80000)
  to   space 51200K, 0% used [0x0000000797f00000,0x0000000797f00000,0x000000079b100000)
 ParOldGen       total 140800K, used 53835K [0x00000006c0000000, 0x00000006c8980000, 0x000000076ab00000)
  object space 140800K, 38% used [0x00000006c0000000,0x00000006c3492df0,0x00000006c8980000)
 Metaspace       used 28896K, capacity 29460K, committed 29568K, reserved 1073152K
  class space    used 5614K, capacity 5742K, committed 5760K, reserved 1048576K

Card table byte_map: [0x00000001185a7000,0x0000000118da8000] byte_map_base: 0x0000000114fa7000

Marking Bits: (ParMarkBitMap*) 0x0000000108ef35d0
 Begin Bits: [0x00000001192fe000, 0x000000011d2fe000)
 End Bits:   [0x000000011d2fe000, 0x00000001212fe000)

Polling page: 0x0000000106f34000

CodeCache: size=245760Kb used=26610Kb max_used=27230Kb free=219150Kb
 bounds [0x00000001095a7000, 0x000000010b077000, 0x00000001185a7000]
 total_blobs=6603 nmethods=6210 adapters=304
 compilation: enabled

Compilation events (10 events):
Event: 54.860 Thread 0x00007f9d49001000 nmethod 8778 0x00000001098abe10 code [0x00000001098abf80, 0x00000001098ac088]
Event: 54.862 Thread 0x00007f9d46819800 8779       4       java.lang.Double::hashCode (8 bytes)
Event: 54.862 Thread 0x00007f9d46819800 nmethod 8779 0x000000010a0fef50 code [0x000000010a0ff0a0, 0x000000010a0ff118]
Event: 54.862 Thread 0x00007f9d49001000 8780       4       com.ibm.wala.cast.ipa.callgraph.AstCallGraph$AstCGNode::addTarget (41 bytes)
Event: 54.863 Thread 0x00007f9d46819800 8781       4       com.ibm.wala.ipa.callgraph.impl.ExplicitCallGraph$ExplicitNode::addTarget (180 bytes)
Event: 54.864 Thread 0x00007f9d46826800 nmethod 8777 0x0000000109baccd0 code [0x0000000109bace40, 0x0000000109bad538]
Event: 54.864 Thread 0x00007f9d46826800 8782       4       com.ibm.wala.cast.python.ipa.summaries.BuiltinFunctions$BuiltinFunction::getMethod (19 bytes)
Event: 54.866 Thread 0x00007f9d46826800 nmethod 8782 0x0000000109886850 code [0x00000001098869a0, 0x0000000109886a98]
Event: 54.866 Thread 0x00007f9d46826800 8783       4       com.ibm.wala.ipa.callgraph.propagation.StaticFieldKey::equals (26 bytes)
Event: 54.869 Thread 0x00007f9d46826800 nmethod 8783 0x000000010971de90 code [0x000000010971e000, 0x000000010971e1d8]

GC Heap History (10 events):
Event: 21.444 GC heap before
{Heap before GC invocations=9 (full 1):
 PSYoungGen      total 412672K, used 396265K [0x000000076ab00000, 0x000000078f380000, 0x00000007c0000000)
  eden space 386560K, 100% used [0x000000076ab00000,0x0000000782480000,0x0000000782480000)
  from space 26112K, 37% used [0x0000000782480000,0x0000000782dfa450,0x0000000783e00000)
  to   space 25600K, 0% used [0x000000078da80000,0x000000078da80000,0x000000078f380000)
 ParOldGen       total 140800K, used 36359K [0x00000006c0000000, 0x00000006c8980000, 0x000000076ab00000)
  object space 140800K, 25% used [0x00000006c0000000,0x00000006c2381ca0,0x00000006c8980000)
 Metaspace       used 28047K, capacity 28582K, committed 28800K, reserved 1073152K
  class space    used 5520K, capacity 5643K, committed 5760K, reserved 1048576K
Event: 21.458 GC heap after
Heap after GC invocations=9 (full 1):
 PSYoungGen      total 533504K, used 7287K [0x000000076ab00000, 0x000000078e200000, 0x00000007c0000000)
  eden space 525824K, 0% used [0x000000076ab00000,0x000000076ab00000,0x000000078ac80000)
  from space 7680K, 94% used [0x000000078da80000,0x000000078e19dee0,0x000000078e200000)
  to   space 25600K, 0% used [0x000000078b000000,0x000000078b000000,0x000000078c900000)
 ParOldGen       total 140800K, used 36367K [0x00000006c0000000, 0x00000006c8980000, 0x000000076ab00000)
  object space 140800K, 25% used [0x00000006c0000000,0x00000006c2383ca0,0x00000006c8980000)
 Metaspace       used 28047K, capacity 28582K, committed 28800K, reserved 1073152K
  class space    used 5520K, capacity 5643K, committed 5760K, reserved 1048576K
}
Event: 25.900 GC heap before
{Heap before GC invocations=10 (full 1):
 PSYoungGen      total 533504K, used 533111K [0x000000076ab00000, 0x000000078e200000, 0x00000007c0000000)
  eden space 525824K, 100% used [0x000000076ab00000,0x000000078ac80000,0x000000078ac80000)
  from space 7680K, 94% used [0x000000078da80000,0x000000078e19dee0,0x000000078e200000)
  to   space 25600K, 0% used [0x000000078b000000,0x000000078b000000,0x000000078c900000)
 ParOldGen       total 140800K, used 36367K [0x00000006c0000000, 0x00000006c8980000, 0x000000076ab00000)
  object space 140800K, 25% used [0x00000006c0000000,0x00000006c2383ca0,0x00000006c8980000)
 Metaspace       used 28410K, capacity 28978K, committed 29312K, reserved 1073152K
  class space    used 5564K, capacity 5709K, committed 5760K, reserved 1048576K
Event: 25.934 GC heap after
Heap after GC invocations=10 (full 1):
 PSYoungGen      total 555008K, used 25586K [0x000000076ab00000, 0x0000000794f80000, 0x00000007c0000000)
  eden space 529408K, 0% used [0x000000076ab00000,0x000000076ab00000,0x000000078b000000)
  from space 25600K, 99% used [0x000000078b000000,0x000000078c8fca90,0x000000078c900000)
  to   space 29696K, 0% used [0x0000000793280000,0x0000000793280000,0x0000000794f80000)
 ParOldGen       total 140800K, used 37625K [0x00000006c0000000, 0x00000006c8980000, 0x000000076ab00000)
  object space 140800K, 26% used [0x00000006c0000000,0x00000006c24be5b8,0x00000006c8980000)
 Metaspace       used 28410K, capacity 28978K, committed 29312K, reserved 1073152K
  class space    used 5564K, capacity 5709K, committed 5760K, reserved 1048576K
}
Event: 29.621 GC heap before
{Heap before GC invocations=11 (full 1):
 PSYoungGen      total 555008K, used 554994K [0x000000076ab00000, 0x0000000794f80000, 0x00000007c0000000)
  eden space 529408K, 100% used [0x000000076ab00000,0x000000078b000000,0x000000078b000000)
  from space 25600K, 99% used [0x000000078b000000,0x000000078c8fca90,0x000000078c900000)
  to   space 29696K, 0% used [0x0000000793280000,0x0000000793280000,0x0000000794f80000)
 ParOldGen       total 140800K, used 37625K [0x00000006c0000000, 0x00000006c8980000, 0x000000076ab00000)
  object space 140800K, 26% used [0x00000006c0000000,0x00000006c24be5b8,0x00000006c8980000)
 Metaspace       used 28602K, capacity 29106K, committed 29312K, reserved 1073152K
  class space    used 5586K, capacity 5709K, committed 5760K, reserved 1048576K
Event: 29.658 GC heap after
Heap after GC invocations=11 (full 1):
 PSYoungGen      total 657920K, used 29675K [0x000000076ab00000, 0x0000000795c80000, 0x00000007c0000000)
  eden space 628224K, 0% used [0x000000076ab00000,0x000000076ab00000,0x0000000791080000)
  from space 29696K, 99% used [0x0000000793280000,0x0000000794f7ae00,0x0000000794f80000)
  to   space 34816K, 0% used [0x0000000791080000,0x0000000791080000,0x0000000793280000)
 ParOldGen       total 140800K, used 39911K [0x00000006c0000000, 0x00000006c8980000, 0x000000076ab00000)
  object space 140800K, 28% used [0x00000006c0000000,0x00000006c26f9de8,0x00000006c8980000)
 Metaspace       used 28602K, capacity 29106K, committed 29312K, reserved 1073152K
  class space    used 5586K, capacity 5709K, committed 5760K, reserved 1048576K
}
Event: 32.780 GC heap before
{Heap before GC invocations=12 (full 1):
 PSYoungGen      total 657920K, used 657899K [0x000000076ab00000, 0x0000000795c80000, 0x00000007c0000000)
  eden space 628224K, 100% used [0x000000076ab00000,0x0000000791080000,0x0000000791080000)
  from space 29696K, 99% used [0x0000000793280000,0x0000000794f7ae00,0x0000000794f80000)
  to   space 34816K, 0% used [0x0000000791080000,0x0000000791080000,0x0000000793280000)
 ParOldGen       total 140800K, used 39911K [0x00000006c0000000, 0x00000006c8980000, 0x000000076ab00000)
  object space 140800K, 28% used [0x00000006c0000000,0x00000006c26f9de8,0x00000006c8980000)
 Metaspace       used 28799K, capacity 29330K, committed 29568K, reserved 1073152K
  class space    used 5613K, capacity 5741K, committed 5760K, reserved 1048576K
Event: 32.821 GC heap after
Heap after GC invocations=12 (full 1):
 PSYoungGen      total 663040K, used 34787K [0x000000076ab00000, 0x000000079df80000, 0x00000007c0000000)
  eden space 628224K, 0% used [0x000000076ab00000,0x000000076ab00000,0x0000000791080000)
  from space 34816K, 99% used [0x0000000791080000,0x0000000793278cb8,0x0000000793280000)
  to   space 40448K, 0% used [0x000000079b800000,0x000000079b800000,0x000000079df80000)
 ParOldGen       total 140800K, used 41803K [0x00000006c0000000, 0x00000006c8980000, 0x000000076ab00000)
  object space 140800K, 29% used [0x00000006c0000000,0x00000006c28d2d30,0x00000006c8980000)
 Metaspace       used 28799K, capacity 29330K, committed 29568K, reserved 1073152K
  class space    used 5613K, capacity 5741K, committed 5760K, reserved 1048576K
}
Event: 52.663 GC heap before
{Heap before GC invocations=13 (full 1):
 PSYoungGen      total 663040K, used 663011K [0x000000076ab00000, 0x000000079df80000, 0x00000007c0000000)
  eden space 628224K, 100% used [0x000000076ab00000,0x0000000791080000,0x0000000791080000)
  from space 34816K, 99% used [0x0000000791080000,0x0000000793278cb8,0x0000000793280000)
  to   space 40448K, 0% used [0x000000079b800000,0x000000079b800000,0x000000079df80000)
 ParOldGen       total 140800K, used 41803K [0x00000006c0000000, 0x00000006c8980000, 0x000000076ab00000)
  object space 140800K, 29% used [0x00000006c0000000,0x00000006c28d2d30,0x00000006c8980000)
 Metaspace       used 28823K, capacity 29394K, committed 29568K, reserved 1073152K
  class space    used 5613K, capacity 5741K, committed 5760K, reserved 1048576K
Event: 52.706 GC heap after
Heap after GC invocations=13 (full 1):
 PSYoungGen      total 781824K, used 40435K [0x000000076ab00000, 0x000000079e300000, 0x00000007c0000000)
  eden space 741376K, 0% used [0x000000076ab00000,0x000000076ab00000,0x0000000797f00000)
  from space 40448K, 99% used [0x000000079b800000,0x000000079df7ce28,0x000000079df80000)
  to   space 51200K, 0% used [0x0000000797f00000,0x0000000797f00000,0x000000079b100000)
 ParOldGen       total 140800K, used 53835K [0x00000006c0000000, 0x00000006c8980000, 0x000000076ab00000)
  object space 140800K, 38% used [0x00000006c0000000,0x00000006c3492df0,0x00000006c8980000)
 Metaspace       used 28823K, capacity 29394K, committed 29568K, reserved 1073152K
  class space    used 5613K, capacity 5741K, committed 5760K, reserved 1048576K
}

Deoptimization events (10 events):
Event: 53.029 Thread 0x00007f9d46806000 Uncommon trap: reason=speculate_class_check action=maybe_recompile pc=0x0000000109f616f0 method=java.util.HashMap.treeifyBin([Ljava/util/HashMap$Node;I)V @ 47
Event: 53.029 Thread 0x00007f9d46806000 Uncommon trap: reason=speculate_class_check action=maybe_recompile pc=0x0000000109f616f0 method=java.util.HashMap.treeifyBin([Ljava/util/HashMap$Node;I)V @ 47
Event: 53.030 Thread 0x00007f9d46806000 Uncommon trap: reason=speculate_class_check action=maybe_recompile pc=0x0000000109f616f0 method=java.util.HashMap.treeifyBin([Ljava/util/HashMap$Node;I)V @ 47
Event: 53.251 Thread 0x00007f9d46806000 Uncommon trap: reason=unstable_if action=reinterpret pc=0x000000010acb8308 method=org.python.antlr.PythonLexer.mSTRING()V @ 304
Event: 53.696 Thread 0x00007f9d46806000 Uncommon trap: reason=unstable_if action=reinterpret pc=0x000000010adb7784 method=org.python.antlr.PythonLexer$DFA46.specialStateTransition(ILorg/python/antlr/runtime/IntStream;)I @ 104
Event: 54.127 Thread 0x00007f9d46806000 Uncommon trap: reason=unstable_if action=reinterpret pc=0x000000010a2f4910 method=java.lang.Character.isSurrogate(C)Z @ 3
Event: 54.128 Thread 0x00007f9d46806000 Uncommon trap: reason=unstable_if action=reinterpret pc=0x0000000109769e1c method=org.python.antlr.PythonLexer.mCOMMENT()V @ 218
Event: 54.128 Thread 0x00007f9d46806000 Uncommon trap: reason=unstable_if action=reinterpret pc=0x000000010aea83f4 method=java.nio.charset.CharsetEncoder.encode(Ljava/nio/CharBuffer;)Ljava/nio/ByteBuffer; @ 62
Event: 54.128 Thread 0x00007f9d46806000 Uncommon trap: reason=unstable_if action=reinterpret pc=0x000000010a3d8ce8 method=java.nio.charset.CharsetEncoder.encode(Ljava/nio/CharBuffer;Ljava/nio/ByteBuffer;Z)Ljava/nio/charset/CoderResult; @ 23
Event: 54.129 Thread 0x00007f9d46806000 Uncommon trap: reason=unstable_if action=reinterpret pc=0x000000010a5e0cc4 method=java.nio.charset.CharsetEncoder.encode(Ljava/nio/CharBuffer;)Ljava/nio/ByteBuffer; @ 62

Internal exceptions (10 events):
Event: 54.209 Thread 0x00007f9d46806000 Exception <a 'java/io/FileNotFoundException'> (0x000000078ae8d7f0) thrown at [/Users/java_re/workspace/8-2-build-macosx-x86_64/jdk8u151/9699/hotspot/src/share/vm/prims/jni.cpp, line 709]
Event: 54.210 Thread 0x00007f9d46806000 Exception <a 'java/io/FileNotFoundException'> (0x000000078aedb910) thrown at [/Users/java_re/workspace/8-2-build-macosx-x86_64/jdk8u151/9699/hotspot/src/share/vm/prims/jni.cpp, line 709]
Event: 54.210 Thread 0x00007f9d46806000 Exception <a 'java/io/FileNotFoundException'> (0x000000078aedd160) thrown at [/Users/java_re/workspace/8-2-build-macosx-x86_64/jdk8u151/9699/hotspot/src/share/vm/prims/jni.cpp, line 709]
Event: 54.210 Thread 0x00007f9d46806000 Exception <a 'java/io/FileNotFoundException'> (0x000000078aeded10) thrown at [/Users/java_re/workspace/8-2-build-macosx-x86_64/jdk8u151/9699/hotspot/src/share/vm/prims/jni.cpp, line 709]
Event: 54.689 Thread 0x00007f9d46806000 Exception <a 'java/io/FileNotFoundException'> (0x000000078eb34360) thrown at [/Users/java_re/workspace/8-2-build-macosx-x86_64/jdk8u151/9699/hotspot/src/share/vm/prims/jni.cpp, line 709]
Event: 54.689 Thread 0x00007f9d46806000 Exception <a 'java/io/FileNotFoundException'> (0x000000078eb35f80) thrown at [/Users/java_re/workspace/8-2-build-macosx-x86_64/jdk8u151/9699/hotspot/src/share/vm/prims/jni.cpp, line 709]
Event: 54.690 Thread 0x00007f9d46806000 Exception <a 'java/io/FileNotFoundException'> (0x000000078eb37f00) thrown at [/Users/java_re/workspace/8-2-build-macosx-x86_64/jdk8u151/9699/hotspot/src/share/vm/prims/jni.cpp, line 709]
Event: 54.706 Thread 0x00007f9d46806000 Exception <a 'java/io/FileNotFoundException'> (0x000000078ecbb110) thrown at [/Users/java_re/workspace/8-2-build-macosx-x86_64/jdk8u151/9699/hotspot/src/share/vm/prims/jni.cpp, line 709]
Event: 54.706 Thread 0x00007f9d46806000 Exception <a 'java/io/FileNotFoundException'> (0x000000078ecbd100) thrown at [/Users/java_re/workspace/8-2-build-macosx-x86_64/jdk8u151/9699/hotspot/src/share/vm/prims/jni.cpp, line 709]
Event: 54.707 Thread 0x00007f9d46806000 Exception <a 'java/io/FileNotFoundException'> (0x000000078ecbf450) thrown at [/Users/java_re/workspace/8-2-build-macosx-x86_64/jdk8u151/9699/hotspot/src/share/vm/prims/jni.cpp, line 709]

Events (10 events):
Event: 54.866 Thread 0x00007f9d46826800 flushing nmethod 0x0000000109f46710
Event: 54.866 Thread 0x00007f9d46826800 flushing nmethod 0x0000000109f63390
Event: 54.866 Thread 0x00007f9d46826800 flushing nmethod 0x0000000109f64ed0
Event: 54.869 loading class com/ibm/wala/ipa/cha/ClassHierarchy$Node
Event: 54.869 loading class com/ibm/wala/ipa/cha/ClassHierarchy$Node done
Event: 54.869 loading class com/ibm/wala/ipa/cha/ClassHierarchy$Node
Event: 54.869 loading class com/ibm/wala/ipa/cha/ClassHierarchy$Node done
Event: 54.869 loading class com/ibm/wala/classLoader/ShrikeClass
Event: 54.869 loading class com/ibm/wala/classLoader/ShrikeClass done
Event: 54.869 Thread 0x00007f9d46826800 flushing nmethod 0x0000000109fc8650


Dynamic libraries:
0x000000001d504000 	/System/Library/Frameworks/Cocoa.framework/Versions/A/Cocoa
0x000000001d504000 	/System/Library/Frameworks/Security.framework/Versions/A/Security
0x000000001d504000 	/System/Library/Frameworks/ApplicationServices.framework/Versions/A/ApplicationServices
0x000000001d504000 	/usr/lib/libz.1.dylib
0x000000001d504000 	/usr/lib/libSystem.B.dylib
0x000000001d504000 	/usr/lib/libobjc.A.dylib
0x000000001d504000 	/System/Library/Frameworks/CoreFoundation.framework/Versions/A/CoreFoundation
0x000000001d504000 	/System/Library/Frameworks/Foundation.framework/Versions/C/Foundation
0x000000001d504000 	/System/Library/Frameworks/AppKit.framework/Versions/C/AppKit
0x000000001d504000 	/System/Library/Frameworks/CoreData.framework/Versions/A/CoreData
0x000000001d504000 	/System/Library/PrivateFrameworks/RemoteViewServices.framework/Versions/A/RemoteViewServices
0x000000001d504000 	/System/Library/PrivateFrameworks/UIFoundation.framework/Versions/A/UIFoundation
0x000000001d504000 	/System/Library/PrivateFrameworks/XCTTargetBootstrap.framework/Versions/A/XCTTargetBootstrap
0x000000001d504000 	/System/Library/PrivateFrameworks/IconServices.framework/Versions/A/IconServices
0x000000001d504000 	/System/Library/Frameworks/Metal.framework/Versions/A/Metal
0x000000001d504000 	/System/Library/PrivateFrameworks/DesktopServicesPriv.framework/Versions/A/DesktopServicesPriv
0x000000001d504000 	/usr/lib/libenergytrace.dylib
0x000000001d504000 	/System/Library/PrivateFrameworks/SkyLight.framework/Versions/A/SkyLight
0x000000001d504000 	/System/Library/Frameworks/CoreGraphics.framework/Versions/A/CoreGraphics
0x000000001d504000 	/System/Library/Frameworks/Accelerate.framework/Versions/A/Accelerate
0x000000001d504000 	/System/Library/Frameworks/IOSurface.framework/Versions/A/IOSurface
0x000000001d504000 	/System/Library/PrivateFrameworks/DFRFoundation.framework/Versions/A/DFRFoundation
0x000000001d504000 	/System/Library/Frameworks/AudioToolbox.framework/Versions/A/AudioToolbox
0x000000001d504000 	/System/Library/Frameworks/AudioUnit.framework/Versions/A/AudioUnit
0x000000001d504000 	/System/Library/PrivateFrameworks/DataDetectorsCore.framework/Versions/A/DataDetectorsCore
0x000000001d504000 	/System/Library/Frameworks/Carbon.framework/Versions/A/Frameworks/HIToolbox.framework/Versions/A/HIToolbox
0x000000001d504000 	/usr/lib/libicucore.A.dylib
0x000000001d504000 	/System/Library/Frameworks/QuartzCore.framework/Versions/A/QuartzCore
0x000000001d504000 	/System/Library/Frameworks/Carbon.framework/Versions/A/Frameworks/SpeechRecognition.framework/Versions/A/SpeechRecognition
0x000000001d504000 	/usr/lib/libauto.dylib
0x000000001d504000 	/usr/lib/libxml2.2.dylib
0x000000001d504000 	/System/Library/PrivateFrameworks/CoreUI.framework/Versions/A/CoreUI
0x000000001d504000 	/System/Library/Frameworks/CoreAudio.framework/Versions/A/CoreAudio
0x000000001d504000 	/System/Library/Frameworks/DiskArbitration.framework/Versions/A/DiskArbitration
0x000000001d504000 	/usr/lib/liblangid.dylib
0x000000001d504000 	/System/Library/PrivateFrameworks/MultitouchSupport.framework/Versions/A/MultitouchSupport
0x000000001d504000 	/System/Library/Frameworks/IOKit.framework/Versions/A/IOKit
0x000000001d504000 	/usr/lib/libDiagnosticMessagesClient.dylib
0x000000001d504000 	/System/Library/Frameworks/CoreServices.framework/Versions/A/CoreServices
0x000000001d504000 	/System/Library/PrivateFrameworks/PerformanceAnalysis.framework/Versions/A/PerformanceAnalysis
0x000000001d504000 	/System/Library/Frameworks/OpenGL.framework/Versions/A/OpenGL
0x000000001d504000 	/System/Library/Frameworks/ColorSync.framework/Versions/A/ColorSync
0x000000001d504000 	/System/Library/Frameworks/CoreImage.framework/Versions/A/CoreImage
0x000000001d504000 	/System/Library/Frameworks/CoreText.framework/Versions/A/CoreText
0x000000001d504000 	/System/Library/Frameworks/ImageIO.framework/Versions/A/ImageIO
0x000000001d504000 	/System/Library/PrivateFrameworks/Backup.framework/Versions/A/Backup
0x000000001d504000 	/usr/lib/libarchive.2.dylib
0x000000001d504000 	/System/Library/Frameworks/CFNetwork.framework/Versions/A/CFNetwork
0x000000001d504000 	/System/Library/Frameworks/SystemConfiguration.framework/Versions/A/SystemConfiguration
0x000000001d504000 	/usr/lib/libCRFSuite.dylib
0x000000001d504000 	/usr/lib/libc++.1.dylib
0x000000001d504000 	/usr/lib/libc++abi.dylib
0x000000001d504000 	/usr/lib/system/libcache.dylib
0x000000001d504000 	/usr/lib/system/libcommonCrypto.dylib
0x000000001d504000 	/usr/lib/system/libcompiler_rt.dylib
0x000000001d504000 	/usr/lib/system/libcopyfile.dylib
0x000000001d504000 	/usr/lib/system/libcorecrypto.dylib
0x000000001d504000 	/usr/lib/system/libdispatch.dylib
0x000000001d504000 	/usr/lib/system/libdyld.dylib
0x000000001d504000 	/usr/lib/system/libkeymgr.dylib
0x000000001d504000 	/usr/lib/system/liblaunch.dylib
0x000000001d504000 	/usr/lib/system/libmacho.dylib
0x000000001d504000 	/usr/lib/system/libquarantine.dylib
0x000000001d504000 	/usr/lib/system/libremovefile.dylib
0x000000001d504000 	/usr/lib/system/libsystem_asl.dylib
0x000000001d504000 	/usr/lib/system/libsystem_blocks.dylib
0x000000001d504000 	/usr/lib/system/libsystem_c.dylib
0x000000001d504000 	/usr/lib/system/libsystem_configuration.dylib
0x000000001d504000 	/usr/lib/system/libsystem_coreservices.dylib
0x000000001d504000 	/usr/lib/system/libsystem_darwin.dylib
0x000000001d504000 	/usr/lib/system/libsystem_dnssd.dylib
0x000000001d504000 	/usr/lib/system/libsystem_info.dylib
0x000000001d504000 	/usr/lib/system/libsystem_m.dylib
0x000000001d504000 	/usr/lib/system/libsystem_malloc.dylib
0x000000001d504000 	/usr/lib/system/libsystem_networkextension.dylib
0x000000001d504000 	/usr/lib/system/libsystem_notify.dylib
0x000000001d504000 	/usr/lib/system/libsystem_sandbox.dylib
0x000000001d504000 	/usr/lib/system/libsystem_secinit.dylib
0x000000001d504000 	/usr/lib/system/libsystem_kernel.dylib
0x000000001d504000 	/usr/lib/system/libsystem_platform.dylib
0x000000001d504000 	/usr/lib/system/libsystem_pthread.dylib
0x000000001d504000 	/usr/lib/system/libsystem_symptoms.dylib
0x000000001d504000 	/usr/lib/system/libsystem_trace.dylib
0x000000001d504000 	/usr/lib/system/libunwind.dylib
0x000000001d504000 	/usr/lib/system/libxpc.dylib
0x000000001d504000 	/usr/lib/libbsm.0.dylib
0x000000001d504000 	/usr/lib/system/libkxld.dylib
0x000000001d504000 	/System/Library/PrivateFrameworks/AppleFSCompression.framework/Versions/A/AppleFSCompression
0x000000001d504000 	/usr/lib/libOpenScriptingUtil.dylib
0x000000001d504000 	/usr/lib/libcoretls.dylib
0x000000001d504000 	/usr/lib/libcoretls_cfhelpers.dylib
0x000000001d504000 	/usr/lib/libpam.2.dylib
0x000000001d504000 	/usr/lib/libsqlite3.dylib
0x000000001d504000 	/usr/lib/libxar.1.dylib
0x000000001d504000 	/usr/lib/libbz2.1.0.dylib
0x000000001d504000 	/usr/lib/liblzma.5.dylib
0x000000001d504000 	/usr/lib/libnetwork.dylib
0x000000001d504000 	/usr/lib/libapple_nghttp2.dylib
0x000000001d504000 	/usr/lib/libpcap.A.dylib
0x000000001d504000 	/System/Library/Frameworks/CoreServices.framework/Versions/A/Frameworks/FSEvents.framework/Versions/A/FSEvents
0x000000001d504000 	/System/Library/Frameworks/CoreServices.framework/Versions/A/Frameworks/CarbonCore.framework/Versions/A/CarbonCore
0x000000001d504000 	/System/Library/Frameworks/CoreServices.framework/Versions/A/Frameworks/Metadata.framework/Versions/A/Metadata
0x000000001d504000 	/System/Library/Frameworks/CoreServices.framework/Versions/A/Frameworks/OSServices.framework/Versions/A/OSServices
0x000000001d504000 	/System/Library/Frameworks/CoreServices.framework/Versions/A/Frameworks/SearchKit.framework/Versions/A/SearchKit
0x000000001d504000 	/System/Library/Frameworks/CoreServices.framework/Versions/A/Frameworks/AE.framework/Versions/A/AE
0x000000001d504000 	/System/Library/Frameworks/CoreServices.framework/Versions/A/Frameworks/LaunchServices.framework/Versions/A/LaunchServices
0x000000001d504000 	/System/Library/Frameworks/CoreServices.framework/Versions/A/Frameworks/DictionaryServices.framework/Versions/A/DictionaryServices
0x000000001d504000 	/System/Library/Frameworks/CoreServices.framework/Versions/A/Frameworks/SharedFileList.framework/Versions/A/SharedFileList
0x000000001d504000 	/System/Library/Frameworks/NetFS.framework/Versions/A/NetFS
0x000000001d504000 	/System/Library/PrivateFrameworks/NetAuth.framework/Versions/A/NetAuth
0x000000001d504000 	/System/Library/PrivateFrameworks/login.framework/Versions/A/Frameworks/loginsupport.framework/Versions/A/loginsupport
0x000000001d504000 	/System/Library/PrivateFrameworks/TCC.framework/Versions/A/TCC
0x000000001d504000 	/System/Library/PrivateFrameworks/CoreNLP.framework/Versions/A/CoreNLP
0x000000001d504000 	/System/Library/PrivateFrameworks/MetadataUtilities.framework/Versions/A/MetadataUtilities
0x000000001d504000 	/usr/lib/libmecabra.dylib
0x000000001d504000 	/System/Library/Frameworks/ApplicationServices.framework/Versions/A/Frameworks/ATS.framework/Versions/A/ATS
0x000000001d504000 	/System/Library/Frameworks/ApplicationServices.framework/Versions/A/Frameworks/ColorSyncLegacy.framework/Versions/A/ColorSyncLegacy
0x000000001d504000 	/System/Library/Frameworks/ApplicationServices.framework/Versions/A/Frameworks/HIServices.framework/Versions/A/HIServices
0x000000001d504000 	/System/Library/Frameworks/ApplicationServices.framework/Versions/A/Frameworks/LangAnalysis.framework/Versions/A/LangAnalysis
0x000000001d504000 	/System/Library/Frameworks/ApplicationServices.framework/Versions/A/Frameworks/PrintCore.framework/Versions/A/PrintCore
0x000000001d504000 	/System/Library/Frameworks/ApplicationServices.framework/Versions/A/Frameworks/QD.framework/Versions/A/QD
0x000000001d504000 	/System/Library/Frameworks/ApplicationServices.framework/Versions/A/Frameworks/SpeechSynthesis.framework/Versions/A/SpeechSynthesis
0x000000001d504000 	/usr/lib/libcompression.dylib
0x000000001d504000 	/System/Library/Frameworks/CoreDisplay.framework/Versions/A/CoreDisplay
0x000000001d504000 	/System/Library/Frameworks/MetalPerformanceShaders.framework/Versions/A/MetalPerformanceShaders
0x000000001d504000 	/System/Library/Frameworks/Accelerate.framework/Versions/A/Frameworks/vImage.framework/Versions/A/vImage
0x000000001d504000 	/System/Library/Frameworks/Accelerate.framework/Versions/A/Frameworks/vecLib.framework/Versions/A/vecLib
0x000000001d504000 	/System/Library/Frameworks/Accelerate.framework/Versions/A/Frameworks/vecLib.framework/Versions/A/libvMisc.dylib
0x000000001d504000 	/System/Library/Frameworks/Accelerate.framework/Versions/A/Frameworks/vecLib.framework/Versions/A/libvDSP.dylib
0x000000001d504000 	/System/Library/Frameworks/Accelerate.framework/Versions/A/Frameworks/vecLib.framework/Versions/A/libBLAS.dylib
0x000000001d504000 	/System/Library/Frameworks/Accelerate.framework/Versions/A/Frameworks/vecLib.framework/Versions/A/libLAPACK.dylib
0x000000001d504000 	/System/Library/Frameworks/Accelerate.framework/Versions/A/Frameworks/vecLib.framework/Versions/A/libLinearAlgebra.dylib
0x000000001d504000 	/System/Library/Frameworks/Accelerate.framework/Versions/A/Frameworks/vecLib.framework/Versions/A/libSparseBLAS.dylib
0x000000001d504000 	/System/Library/Frameworks/Accelerate.framework/Versions/A/Frameworks/vecLib.framework/Versions/A/libQuadrature.dylib
0x000000001d504000 	/System/Library/Frameworks/Accelerate.framework/Versions/A/Frameworks/vecLib.framework/Versions/A/libBNNS.dylib
0x000000001d504000 	/System/Library/Frameworks/Accelerate.framework/Versions/A/Frameworks/vecLib.framework/Versions/A/libSparse.dylib
0x000000001d504000 	/System/Library/PrivateFrameworks/GPUWrangler.framework/Versions/A/GPUWrangler
0x000000001d504000 	/System/Library/PrivateFrameworks/IOAccelerator.framework/Versions/A/IOAccelerator
0x000000001d504000 	/System/Library/PrivateFrameworks/IOPresentment.framework/Versions/A/IOPresentment
0x000000001d504000 	/System/Library/PrivateFrameworks/DSExternalDisplay.framework/Versions/A/DSExternalDisplay
0x000000001d504000 	/System/Library/Frameworks/OpenGL.framework/Versions/A/Libraries/libCoreFSCache.dylib
0x000000001d504000 	/System/Library/Frameworks/MetalPerformanceShaders.framework/Frameworks/MPSCore.framework/Versions/A/MPSCore
0x000000001d504000 	/System/Library/Frameworks/MetalPerformanceShaders.framework/Frameworks/MPSImage.framework/Versions/A/MPSImage
0x000000001d504000 	/System/Library/Frameworks/MetalPerformanceShaders.framework/Frameworks/MPSNeuralNetwork.framework/Versions/A/MPSNeuralNetwork
0x000000001d504000 	/System/Library/Frameworks/MetalPerformanceShaders.framework/Frameworks/MPSMatrix.framework/Versions/A/MPSMatrix
0x000000001d504000 	/System/Library/Frameworks/MetalPerformanceShaders.framework/Frameworks/MPSRayIntersector.framework/Versions/A/MPSRayIntersector
0x000000001d504000 	/System/Library/PrivateFrameworks/MetalTools.framework/Versions/A/MetalTools
0x000000001d504000 	/System/Library/PrivateFrameworks/AggregateDictionary.framework/Versions/A/AggregateDictionary
0x000000001d504000 	/usr/lib/libMobileGestalt.dylib
0x000000001d504000 	/System/Library/Frameworks/CoreVideo.framework/Versions/A/CoreVideo
0x000000001d504000 	/System/Library/PrivateFrameworks/GraphVisualizer.framework/Versions/A/GraphVisualizer
0x000000001d504000 	/System/Library/PrivateFrameworks/FaceCore.framework/Versions/A/FaceCore
0x000000001d504000 	/System/Library/Frameworks/OpenCL.framework/Versions/A/OpenCL
0x000000001d504000 	/usr/lib/libFosl_dynamic.dylib
0x000000001d504000 	/System/Library/PrivateFrameworks/OTSVG.framework/Versions/A/OTSVG
0x000000001d504000 	/System/Library/Frameworks/ApplicationServices.framework/Versions/A/Frameworks/ATS.framework/Versions/A/Resources/libFontParser.dylib
0x000000001d504000 	/System/Library/Frameworks/ApplicationServices.framework/Versions/A/Frameworks/ATS.framework/Versions/A/Resources/libFontRegistry.dylib
0x000000001d504000 	/System/Library/Frameworks/ImageIO.framework/Versions/A/Resources/libJPEG.dylib
0x000000001d504000 	/System/Library/Frameworks/ImageIO.framework/Versions/A/Resources/libTIFF.dylib
0x000000001d504000 	/System/Library/Frameworks/ImageIO.framework/Versions/A/Resources/libPng.dylib
0x000000001d504000 	/System/Library/Frameworks/ImageIO.framework/Versions/A/Resources/libGIF.dylib
0x000000001d504000 	/System/Library/Frameworks/ImageIO.framework/Versions/A/Resources/libJP2.dylib
0x000000001d504000 	/System/Library/Frameworks/ImageIO.framework/Versions/A/Resources/libRadiance.dylib
0x000000001d504000 	/System/Library/PrivateFrameworks/AppleJPEG.framework/Versions/A/AppleJPEG
0x000000001d504000 	/System/Library/Frameworks/OpenGL.framework/Versions/A/Libraries/libGFXShared.dylib
0x000000001d504000 	/System/Library/Frameworks/OpenGL.framework/Versions/A/Libraries/libGLU.dylib
0x000000001d504000 	/System/Library/Frameworks/OpenGL.framework/Versions/A/Libraries/libGL.dylib
0x000000001d504000 	/System/Library/Frameworks/OpenGL.framework/Versions/A/Libraries/libGLImage.dylib
0x000000001d504000 	/System/Library/Frameworks/OpenGL.framework/Versions/A/Libraries/libCVMSPluginSupport.dylib
0x000000001d504000 	/System/Library/Frameworks/OpenGL.framework/Versions/A/Libraries/libCoreVMClient.dylib
0x000000001d504000 	/usr/lib/libcups.2.dylib
0x000000001d504000 	/System/Library/Frameworks/Kerberos.framework/Versions/A/Kerberos
0x000000001d504000 	/System/Library/Frameworks/GSS.framework/Versions/A/GSS
0x000000001d504000 	/usr/lib/libresolv.9.dylib
0x000000001d504000 	/usr/lib/libiconv.2.dylib
0x000000001d504000 	/System/Library/PrivateFrameworks/Heimdal.framework/Versions/A/Heimdal
0x000000001d504000 	/usr/lib/libheimdal-asn1.dylib
0x000000001d504000 	/System/Library/Frameworks/OpenDirectory.framework/Versions/A/OpenDirectory
0x000000001d504000 	/System/Library/PrivateFrameworks/CommonAuth.framework/Versions/A/CommonAuth
0x000000001d504000 	/System/Library/Frameworks/OpenDirectory.framework/Versions/A/Frameworks/CFOpenDirectory.framework/Versions/A/CFOpenDirectory
0x000000001d504000 	/System/Library/Frameworks/SecurityFoundation.framework/Versions/A/SecurityFoundation
0x000000001d504000 	/System/Library/PrivateFrameworks/APFS.framework/Versions/A/APFS
0x000000001d504000 	/usr/lib/libutil.dylib
0x000000001d504000 	/usr/lib/libcharset.1.dylib
0x000000001d504000 	/System/Library/PrivateFrameworks/AppleSauce.framework/Versions/A/AppleSauce
0x000000001d504000 	/System/Library/PrivateFrameworks/AssertionServices.framework/Versions/A/AssertionServices
0x000000001d504000 	/System/Library/PrivateFrameworks/BaseBoard.framework/Versions/A/BaseBoard
0x000000001d504000 	/usr/lib/libmecab.1.0.0.dylib
0x000000001d504000 	/usr/lib/libgermantok.dylib
0x000000001d504000 	/usr/lib/libThaiTokenizer.dylib
0x000000001d504000 	/usr/lib/libChineseTokenizer.dylib
0x000000001d504000 	/System/Library/PrivateFrameworks/LanguageModeling.framework/Versions/A/LanguageModeling
0x000000001d504000 	/System/Library/PrivateFrameworks/CoreEmoji.framework/Versions/A/CoreEmoji
0x000000001d504000 	/System/Library/PrivateFrameworks/Lexicon.framework/Versions/A/Lexicon
0x000000001d504000 	/System/Library/PrivateFrameworks/LinguisticData.framework/Versions/A/LinguisticData
0x000000001d504000 	/usr/lib/libcmph.dylib
0x000000001d504000 	/System/Library/Frameworks/ServiceManagement.framework/Versions/A/ServiceManagement
0x000000001d504000 	/System/Library/PrivateFrameworks/BackgroundTaskManagement.framework/Versions/A/BackgroundTaskManagement
0x000000001d504000 	/usr/lib/libxslt.1.dylib
0x000000001d504000 	/System/Library/Frameworks/Carbon.framework/Versions/A/Frameworks/Ink.framework/Versions/A/Ink
0x000000001d504000 	/System/Library/PrivateFrameworks/TextureIO.framework/Versions/A/TextureIO
0x000000001d504000 	/usr/lib/libate.dylib
0x000000001d504000 	/System/Library/PrivateFrameworks/CrashReporterSupport.framework/Versions/A/CrashReporterSupport
0x000000001d504000 	/System/Library/PrivateFrameworks/Sharing.framework/Versions/A/Sharing
0x000000001d504000 	/System/Library/PrivateFrameworks/AuthKit.framework/Versions/A/AuthKit
0x000000001d504000 	/System/Library/PrivateFrameworks/Apple80211.framework/Versions/A/Apple80211
0x000000001d504000 	/System/Library/PrivateFrameworks/CoreUtils.framework/Versions/A/CoreUtils
0x000000001d504000 	/System/Library/Frameworks/CoreWLAN.framework/Versions/A/CoreWLAN
0x000000001d504000 	/System/Library/Frameworks/IOBluetooth.framework/Versions/A/IOBluetooth
0x000000001d504000 	/System/Library/PrivateFrameworks/ProtocolBuffer.framework/Versions/A/ProtocolBuffer
0x000000001d504000 	/System/Library/PrivateFrameworks/MobileKeyBag.framework/Versions/A/MobileKeyBag
0x000000001d504000 	/System/Library/PrivateFrameworks/CorePhoneNumbers.framework/Versions/A/CorePhoneNumbers
0x000000001d504000 	/System/Library/PrivateFrameworks/AppleIDAuthSupport.framework/Versions/A/AppleIDAuthSupport
0x000000001d504000 	/System/Library/PrivateFrameworks/KeychainCircle.framework/Versions/A/KeychainCircle
0x000000001d504000 	/System/Library/PrivateFrameworks/ROCKit.framework/Versions/A/ROCKit
0x000000001d504000 	/System/Library/PrivateFrameworks/CoreWiFi.framework/Versions/A/CoreWiFi
0x000000001d504000 	/System/Library/Frameworks/CoreBluetooth.framework/Versions/A/CoreBluetooth
0x000000001d504000 	/System/Library/PrivateFrameworks/DebugSymbols.framework/Versions/A/DebugSymbols
0x000000001d504000 	/System/Library/PrivateFrameworks/CoreSymbolication.framework/Versions/A/CoreSymbolication
0x000000001d504000 	/System/Library/PrivateFrameworks/Symbolication.framework/Versions/A/Symbolication
0x000000001d504000 	/System/Library/PrivateFrameworks/SpeechRecognitionCore.framework/Versions/A/SpeechRecognitionCore
0x0000000108600000 	/Library/Java/JavaVirtualMachines/jdk1.8.0_151.jdk/Contents/Home/jre/lib/server/libjvm.dylib
0x000000001d504000 	/usr/lib/libstdc++.6.dylib
0x0000000106ef1000 	/Library/Java/JavaVirtualMachines/jdk1.8.0_151.jdk/Contents/Home/jre/lib/libverify.dylib
0x0000000106eff000 	/Library/Java/JavaVirtualMachines/jdk1.8.0_151.jdk/Contents/Home/jre/lib/libjava.dylib
0x0000000106f7e000 	/Library/Java/JavaVirtualMachines/jdk1.8.0_151.jdk/Contents/Home/jre/lib/libzip.dylib
0x000000001d504000 	/System/Library/Frameworks/JavaVM.framework/Versions/A/Frameworks/JavaRuntimeSupport.framework/Versions/A/JavaRuntimeSupport
0x000000001d504000 	/System/Library/Frameworks/JavaVM.framework/Versions/A/Frameworks/JavaNativeFoundation.framework/Versions/A/JavaNativeFoundation
0x000000001d504000 	/System/Library/Frameworks/JavaVM.framework/Versions/A/JavaVM
0x000000001d504000 	/System/Library/Frameworks/Carbon.framework/Versions/A/Carbon
0x000000001d504000 	/System/Library/PrivateFrameworks/JavaLaunching.framework/Versions/A/JavaLaunching
0x000000001d504000 	/System/Library/Frameworks/Carbon.framework/Versions/A/Frameworks/CommonPanels.framework/Versions/A/CommonPanels
0x000000001d504000 	/System/Library/Frameworks/Carbon.framework/Versions/A/Frameworks/Help.framework/Versions/A/Help
0x000000001d504000 	/System/Library/Frameworks/Carbon.framework/Versions/A/Frameworks/ImageCapture.framework/Versions/A/ImageCapture
0x000000001d504000 	/System/Library/Frameworks/Carbon.framework/Versions/A/Frameworks/OpenScripting.framework/Versions/A/OpenScripting
0x000000001d504000 	/System/Library/Frameworks/Carbon.framework/Versions/A/Frameworks/Print.framework/Versions/A/Print
0x000000001d504000 	/System/Library/Frameworks/Carbon.framework/Versions/A/Frameworks/SecurityHI.framework/Versions/A/SecurityHI
0x0000000125f40000 	/Library/Java/JavaVirtualMachines/jdk1.8.0_151.jdk/Contents/Home/jre/lib/libnet.dylib
0x00000001260d0000 	/Library/Java/JavaVirtualMachines/jdk1.8.0_151.jdk/Contents/Home/jre/lib/libnio.dylib

VM Arguments:
jvm_args: -ea -DtestDir=/Users/dolby/local/pythonCode/data -Dfile.encoding=UTF-8 
java_command: org.eclipse.jdt.internal.junit.runner.RemoteTestRunner -version 3 -port 59035 -testLoaderClass org.eclipse.jdt.internal.junit4.runner.JUnit4TestLoader -loaderpluginname org.eclipse.jdt.junit4.runtime -classNames com.ibm.wala.cast.python.test.TestTurtleWrapper
java_class_path (initial): /Users/dolby/git/code_knowledge_graph/code_breaker/target/test-classes:/Users/dolby/git/code_knowledge_graph/code_breaker/target/classes:/Users/dolby/git/IDE/com.ibm.wala.cast.lsp/target/classes:/Users/dolby/.m2/repository/commons-io/commons-io/2.6/commons-io-2.6.jar:/Users/dolby/.m2/repository/com/ibm/wala/com.ibm.wala.util/1.5.3-SNAPSHOT/com.ibm.wala.util-1.5.3-SNAPSHOT.jar:/Users/dolby/.m2/repository/com/ibm/wala/com.ibm.wala.shrike/1.5.3-SNAPSHOT/com.ibm.wala.shrike-1.5.3-SNAPSHOT.jar:/Users/dolby/.m2/repository/com/ibm/wala/com.ibm.wala.core/1.5.3-SNAPSHOT/com.ibm.wala.core-1.5.3-SNAPSHOT.jar:/Users/dolby/.m2/repository/com/ibm/wala/com.ibm.wala.cast/1.5.3-SNAPSHOT/com.ibm.wala.cast-1.5.3-SNAPSHOT.jar:/Users/dolby/.m2/repository/com/ibm/wala/com.ibm.wala.cast.java/1.5.3-SNAPSHOT/com.ibm.wala.cast.java-1.5.3-SNAPSHOT.jar:/Users/dolby/.m2/repository/org/eclipse/lsp4j/org.eclipse.lsp4j/0.5.0/org.eclipse.lsp4j-0.5.0.jar:/Users/dolby/.m2/repository/org/eclipse/lsp4j/org.eclipse.lsp4j.generator/0.5.0/org.eclipse.lsp4j.generator-0.5.0.jar:/Users/dolby/.m2/repository/org/eclipse/xtend/org.eclipse.xtend.lib/2.17.0/org.eclipse.xtend.lib-2.17.0.jar:/Users/dolby/.m2/repository/org/eclipse/xtext/org.eclipse.xtext.xbase.lib/2.17.0/org.eclipse.xtext.xbase.lib-2.17.0.jar:/Users/dolby/.m2/repository/com/google/guava/guava/21.0/guava-21.0.jar:/Users/dolby/.m2/repository/org/eclipse/xtend/org.eclipse.xtend.lib.macro/2.17.0/org.eclipse.xtend.lib.macro-2.17.0.jar:/Users/dolby/git/ML/com.ibm.wala.cast.python/target/classes:/Users/dolby/.m2/repository/com/ibm/wala/ide/com.ibm.wala.cast.lsp/0.0.1-SNAPSHOT/com.ibm.wala.cast.lsp-0.0.1-SNAPSHOT.jar:/Users/dolby/.m2/repository/com/ibm/wala/com.ibm.wala.util/1.5.1-SNAPSHOT/com.ibm.wala.util-1.5.1-SNAPSHOT.jar:/Users/dolby/.m2/repository/com/ibm/wala/com.ibm.wala.shrike/1.5.1-SNAPSHOT/com.ibm.wala.shrike-1.5.1-SNAPSHOT.jar:/Users/dolby/.m2/repository/com/ibm/wala/com.ibm.wala.core/1.5.1-SNAPSHOT/com.ibm.wala.cor
Launcher Type: SUN_STANDARD

Environment Variables:
JAVA_HOME=/Library/Java/JavaVirtualMachines/jdk1.8.0_181.jdk/Contents/Home/
PATH=/Library/Java/JavaVirtualMachines/jdk1.8.0_181.jdk/Contents/Home/bin:/Users/dolby/anaconda3/bin:/Users/dolby/.opam/system/bin:/Users/dolby/.rvm/gems/ruby-2.4.1/bin:/Users/dolby/.rvm/gems/ruby-2.4.1@global/bin:/Users/dolby/.rvm/rubies/ruby-2.4.1/bin:/opt/local/bin:/opt/local/sbin:/Users/dolby/.opam/system/bin:/opt/local/bin:/opt/local/sbin:/usr/local/bin:/usr/bin:/bin:/usr/sbin:/sbin:/Library/TeX/texbin:/usr/local/share/dotnet:/opt/X11/bin:/Library/Frameworks/Mono.framework/Versions/Current/Commands:/Users/dolby/.rvm/bin:/opt/X11/bin:/Users/dolby/.rvm/bin:/Users/dolby/.rvm/bin
SHELL=/bin/bash
DISPLAY=/private/tmp/com.apple.launchd.Qk9Q1FfZzY/org.macosforge.xquartz:0

Signal Handlers:
SIGSEGV: [libjvm.dylib+0x5b27a5], sa_mask[0]=11111111011111110111111111111111, sa_flags=SA_ONSTACK|SA_RESTART|SA_SIGINFO
SIGBUS: [libjvm.dylib+0x5b27a5], sa_mask[0]=11111111011111110111111111111111, sa_flags=SA_RESTART|SA_SIGINFO
SIGFPE: [libjvm.dylib+0x4891c4], sa_mask[0]=11111111011111110111111111111111, sa_flags=SA_RESTART|SA_SIGINFO
SIGPIPE: [libjvm.dylib+0x4891c4], sa_mask[0]=11111111011111110111111111111111, sa_flags=SA_RESTART|SA_SIGINFO
SIGXFSZ: [libjvm.dylib+0x4891c4], sa_mask[0]=11111111011111110111111111111111, sa_flags=SA_RESTART|SA_SIGINFO
SIGILL: [libjvm.dylib+0x4891c4], sa_mask[0]=11111111011111110111111111111111, sa_flags=SA_RESTART|SA_SIGINFO
SIGUSR1: SIG_DFL, sa_mask[0]=00000000000000000000000000000000, sa_flags=none
SIGUSR2: [libjvm.dylib+0x488ce2], sa_mask[0]=00100000000000000000000000000000, sa_flags=SA_RESTART|SA_SIGINFO
SIGHUP: [libjvm.dylib+0x4872b9], sa_mask[0]=11111111011111110111111111111111, sa_flags=SA_RESTART|SA_SIGINFO
SIGINT: [libjvm.dylib+0x4872b9], sa_mask[0]=11111111011111110111111111111111, sa_flags=SA_RESTART|SA_SIGINFO
SIGTERM: [libjvm.dylib+0x4872b9], sa_mask[0]=11111111011111110111111111111111, sa_flags=SA_RESTART|SA_SIGINFO
SIGQUIT: [libjvm.dylib+0x4872b9], sa_mask[0]=11111111011111110111111111111111, sa_flags=SA_RESTART|SA_SIGINFO


---------------  S Y S T E M  ---------------

OS:Bsduname:Darwin 18.2.0 Darwin Kernel Version 18.2.0: Thu Dec 20 20:46:53 PST 2018; root:xnu-4903.241.1~1/RELEASE_X86_64 x86_64
rlimit: STACK 8192k, CORE 0k, NPROC 1418, NOFILE 10240, AS infinity
load average:6.95 5.71 4.84

CPU:total 8 (initial active 8) (4 cores per cpu, 2 threads per core) family 6 model 70 stepping 1, cmov, cx8, fxsr, mmx, sse, sse2, sse3, ssse3, sse4.1, sse4.2, popcnt, avx, avx2, aes, clmul, erms, lzcnt, ht, tsc, tscinvbit, bmi1, bmi2

Memory: 4k page, physical 16777216k(969956k free)

/proc/meminfo:


vm_info: Java HotSpot(TM) 64-Bit Server VM (25.151-b12) for bsd-amd64 JRE (1.8.0_151-b12), built on Sep  5 2017 19:37:08 by "java_re" with gcc 4.2.1 (Based on Apple Inc. build 5658) (LLVM build 2336.11.00)

time: Sat Mar  9 18:12:33 2019
elapsed time: 54 seconds (0d 0h 0m 54s)

